2016-11-13 5:22:16 - PHP Notice:  Undefined variable: voucher_total in /var/www/html/dipherente/public/catalog/controller/feed/rest_api.php on line 454
2016-11-13 5:22:16 - PHP Notice:  Undefined variable: product_total in /var/www/html/dipherente/public/catalog/controller/feed/rest_api.php on line 454
2016-11-13 5:22:16 - PHP Notice:  Undefined variable: voucher_total in /var/www/html/dipherente/public/catalog/controller/feed/rest_api.php on line 454
2016-11-13 5:22:16 - PHP Notice:  Undefined variable: product_total in /var/www/html/dipherente/public/catalog/controller/feed/rest_api.php on line 454
2016-11-13 5:22:16 - PHP Notice:  Undefined variable: voucher_total in /var/www/html/dipherente/public/catalog/controller/feed/rest_api.php on line 454
2016-11-13 5:22:16 - PHP Notice:  Undefined variable: product_total in /var/www/html/dipherente/public/catalog/controller/feed/rest_api.php on line 454
2016-11-13 5:22:16 - PHP Notice:  Undefined variable: voucher_total in /var/www/html/dipherente/public/catalog/controller/feed/rest_api.php on line 454
2016-11-13 5:22:16 - PHP Notice:  Undefined variable: product_total in /var/www/html/dipherente/public/catalog/controller/feed/rest_api.php on line 454
2016-11-13 5:22:21 - PHP Notice:  Undefined variable: voucher_total in /var/www/html/dipherente/public/catalog/controller/feed/rest_api.php on line 454
2016-11-13 5:22:21 - PHP Notice:  Undefined variable: product_total in /var/www/html/dipherente/public/catalog/controller/feed/rest_api.php on line 454
2016-11-13 5:22:21 - PHP Notice:  Undefined variable: voucher_total in /var/www/html/dipherente/public/catalog/controller/feed/rest_api.php on line 454
2016-11-13 5:22:21 - PHP Notice:  Undefined variable: product_total in /var/www/html/dipherente/public/catalog/controller/feed/rest_api.php on line 454
2016-11-13 5:22:21 - PHP Notice:  Undefined variable: voucher_total in /var/www/html/dipherente/public/catalog/controller/feed/rest_api.php on line 454
2016-11-13 5:22:21 - PHP Notice:  Undefined variable: product_total in /var/www/html/dipherente/public/catalog/controller/feed/rest_api.php on line 454
2016-11-13 5:22:21 - PHP Notice:  Undefined variable: voucher_total in /var/www/html/dipherente/public/catalog/controller/feed/rest_api.php on line 454
2016-11-13 5:22:21 - PHP Notice:  Undefined variable: product_total in /var/www/html/dipherente/public/catalog/controller/feed/rest_api.php on line 454
2016-11-13 21:28:01 - PHP Notice:  Undefined variable: maintenance in /var/www/html/dipherente/public/catalog/view/theme/theme533/template/common/footer.tpl on line 2
2016-11-13 21:28:01 - PHP Notice:  Undefined variable: footer_top in /var/www/html/dipherente/public/catalog/view/theme/theme533/template/common/footer.tpl on line 3
2016-11-13 21:28:01 - PHP Notice:  Undefined variable: text_wishl in /var/www/html/dipherente/public/catalog/view/theme/theme533/template/common/header.tpl on line 151
2016-11-13 21:28:01 - PHP Notice:  Undefined variable: maintenance in /var/www/html/dipherente/public/catalog/view/theme/theme533/template/common/header.tpl on line 155
2016-11-13 21:28:01 - PHP Notice:  Undefined variable: informations in /var/www/html/dipherente/public/catalog/view/theme/theme533/template/common/header.tpl on line 157
2016-11-13 21:28:01 - PHP Notice:  Undefined variable: text_contact in /var/www/html/dipherente/public/catalog/view/theme/theme533/template/common/header.tpl on line 165
2016-11-13 21:28:01 - PHP Notice:  Undefined variable: return in /var/www/html/dipherente/public/catalog/view/theme/theme533/template/common/header.tpl on line 166
2016-11-13 21:28:01 - PHP Notice:  Undefined variable: text_return in /var/www/html/dipherente/public/catalog/view/theme/theme533/template/common/header.tpl on line 166
2016-11-13 21:28:01 - PHP Notice:  Undefined variable: sitemap in /var/www/html/dipherente/public/catalog/view/theme/theme533/template/common/header.tpl on line 167
2016-11-13 21:28:01 - PHP Notice:  Undefined variable: text_sitemap in /var/www/html/dipherente/public/catalog/view/theme/theme533/template/common/header.tpl on line 167
2016-11-13 21:28:01 - PHP Notice:  Undefined variable: manufacturer in /var/www/html/dipherente/public/catalog/view/theme/theme533/template/common/header.tpl on line 171
2016-11-13 21:28:01 - PHP Notice:  Undefined variable: text_manufacturer in /var/www/html/dipherente/public/catalog/view/theme/theme533/template/common/header.tpl on line 171
2016-11-13 21:28:01 - PHP Notice:  Undefined variable: voucher in /var/www/html/dipherente/public/catalog/view/theme/theme533/template/common/header.tpl on line 172
2016-11-13 21:28:01 - PHP Notice:  Undefined variable: text_voucher in /var/www/html/dipherente/public/catalog/view/theme/theme533/template/common/header.tpl on line 172
2016-11-13 21:28:01 - PHP Notice:  Undefined variable: affiliate in /var/www/html/dipherente/public/catalog/view/theme/theme533/template/common/header.tpl on line 173
2016-11-13 21:28:01 - PHP Notice:  Undefined variable: text_affiliate in /var/www/html/dipherente/public/catalog/view/theme/theme533/template/common/header.tpl on line 173
2016-11-13 21:28:01 - PHP Notice:  Undefined variable: special in /var/www/html/dipherente/public/catalog/view/theme/theme533/template/common/header.tpl on line 174
2016-11-13 21:28:01 - PHP Notice:  Undefined variable: text_special in /var/www/html/dipherente/public/catalog/view/theme/theme533/template/common/header.tpl on line 174
2016-11-13 21:28:01 - PHP Notice:  Undefined variable: newsletter in /var/www/html/dipherente/public/catalog/view/theme/theme533/template/common/header.tpl on line 178
2016-11-13 21:28:01 - PHP Notice:  Undefined variable: text_newsletter in /var/www/html/dipherente/public/catalog/view/theme/theme533/template/common/header.tpl on line 178
2016-11-13 21:28:01 - PHP Notice:  Undefined index: id in /var/www/html/dipherente/public/catalog/view/theme/theme533/template/common/header.tpl on line 282
2016-11-13 21:28:01 - PHP Notice:  Undefined index: path in /var/www/html/dipherente/public/catalog/view/theme/theme533/template/common/header.tpl on line 282
2016-11-13 21:28:01 - PHP Notice:  Undefined index: id in /var/www/html/dipherente/public/catalog/view/theme/theme533/template/common/header.tpl on line 282
2016-11-13 21:28:01 - PHP Notice:  Undefined index: path in /var/www/html/dipherente/public/catalog/view/theme/theme533/template/common/header.tpl on line 282
2016-11-13 21:28:01 - PHP Notice:  Undefined index: id in /var/www/html/dipherente/public/catalog/view/theme/theme533/template/common/header.tpl on line 282
2016-11-13 21:28:01 - PHP Notice:  Undefined index: path in /var/www/html/dipherente/public/catalog/view/theme/theme533/template/common/header.tpl on line 282
2016-11-13 21:28:01 - PHP Notice:  Undefined index: id in /var/www/html/dipherente/public/catalog/view/theme/theme533/template/common/header.tpl on line 282
2016-11-13 21:28:01 - PHP Notice:  Undefined index: path in /var/www/html/dipherente/public/catalog/view/theme/theme533/template/common/header.tpl on line 282
2016-11-13 21:28:01 - PHP Notice:  Undefined index: id in /var/www/html/dipherente/public/catalog/view/theme/theme533/template/common/header.tpl on line 282
2016-11-13 21:28:01 - PHP Notice:  Undefined index: path in /var/www/html/dipherente/public/catalog/view/theme/theme533/template/common/header.tpl on line 282
2016-11-17 19:54:13 - PHP Warning:  Division by zero in /var/www/html/dipherente/public/catalog/view/theme/theme533/template/product/product.tpl on line 261
2016-11-17 19:54:22 - PHP Warning:  Division by zero in /var/www/html/dipherente/public/catalog/view/theme/theme533/template/product/product.tpl on line 261
2016-11-17 21:59:16 - PHP Notice:  Undefined index: product_id in /var/www/html/dipherente/public/catalog/view/theme/theme533/template/product/product_custom.tpl on line 144
2016-11-17 21:59:16 - PHP Notice:  Undefined index: product_id in /var/www/html/dipherente/public/catalog/view/theme/theme533/template/product/product_custom.tpl on line 144
2016-11-17 21:59:16 - PHP Notice:  Undefined index: product_id in /var/www/html/dipherente/public/catalog/view/theme/theme533/template/product/product_custom.tpl on line 144
2016-11-17 21:59:16 - PHP Notice:  Undefined index: product_id in /var/www/html/dipherente/public/catalog/view/theme/theme533/template/product/product_custom.tpl on line 144
2016-11-17 21:59:16 - PHP Notice:  Undefined index: product_id in /var/www/html/dipherente/public/catalog/view/theme/theme533/template/product/product_custom.tpl on line 144
2016-11-17 21:59:16 - PHP Notice:  Undefined index: product_id in /var/www/html/dipherente/public/catalog/view/theme/theme533/template/product/product_custom.tpl on line 144
2016-11-17 21:59:16 - PHP Notice:  Undefined index: product_id in /var/www/html/dipherente/public/catalog/view/theme/theme533/template/product/product_custom.tpl on line 144
2016-11-18 0:07:39 - PHP Notice:  Undefined index: limit in /var/www/html/dipherente/public/system/modification/catalog/controller/product/category.php on line 188
2016-11-18 0:07:42 - PHP Notice:  Undefined index: limit in /var/www/html/dipherente/public/system/modification/catalog/controller/product/category.php on line 188
